Pixel Geometry: 1920 x 1080  (N=2073600)
Trials: 20000000
Initial energy: 3.87603e+10
step 400000  T=114888.543  Ecur=39126579617.000  Ebest=38760182239.000  time=3.002 s  rate=133257.536 steps/s  rate_recent=133257.536 steps/s
step 800000  T=77012.078  Ecur=39064695637.000  Ebest=38760182239.000  time=3.037 s  rate=263378.152 steps/s  rate_recent=11188399.643 steps/s
step 1200000  T=51622.729  Ecur=38572707603.000  Ebest=38572647147.000  time=8.965 s  rate=133858.058 steps/s  rate_recent=67484.782 steps/s
step 1600000  T=34603.743  Ecur=37753215147.000  Ebest=37753215147.000  time=35.348 s  rate=45264.709 steps/s  rate_recent=15161.332 steps/s
step 2000000  T=23195.578  Ecur=36649308767.000  Ebest=36649308767.000  time=72.290 s  rate=27666.442 steps/s  rate_recent=10827.750 steps/s
step 2400000  T=15548.473  Ecur=35316751167.000  Ebest=35316751167.000  time=119.391 s  rate=20102.006 steps/s  rate_recent=8492.330 steps/s
step 2800000  T=10422.451  Ecur=33886234435.000  Ebest=33886215173.000  time=173.795 s  rate=16110.958 steps/s  rate_recent=7352.444 steps/s
step 3200000  T=6986.377  Ecur=32427049085.000  Ebest=32427049085.000  time=233.786 s  rate=13687.751 steps/s  rate_recent=6667.676 steps/s
step 3600000  T=4683.107  Ecur=31016136739.000  Ebest=31016136543.000  time=296.213 s  rate=12153.418 steps/s  rate_recent=6407.452 steps/s
step 4000000  T=3139.180  Ecur=29699820669.000  Ebest=29699820669.000  time=359.280 s  rate=11133.368 steps/s  rate_recent=6342.426 steps/s
step 4400000  T=2104.255  Ecur=28501129295.000  Ebest=28501129295.000  time=423.543 s  rate=10388.544 steps/s  rate_recent=6224.408 steps/s
step 4800000  T=1410.525  Ecur=27424760837.000  Ebest=27424754161.000  time=491.096 s  rate=9774.054 steps/s  rate_recent=5921.309 steps/s
step 5200000  T=945.503  Ecur=26451589217.000  Ebest=26451589217.000  time=548.992 s  rate=9471.901 steps/s  rate_recent=6908.926 steps/s
step 5600000  T=633.790  Ecur=25578885823.000  Ebest=25578885823.000  time=606.227 s  rate=9237.459 steps/s  rate_recent=6988.716 steps/s
step 6000000  T=424.842  Ecur=24795146699.000  Ebest=24795146699.000  time=664.006 s  rate=9036.060 steps/s  rate_recent=6922.946 steps/s
step 6400000  T=284.780  Ecur=24088967863.000  Ebest=24088967863.000  time=719.541 s  rate=8894.556 steps/s  rate_recent=7202.658 steps/s
step 6800000  T=190.894  Ecur=23459935189.000  Ebest=23459935189.000  time=772.726 s  rate=8800.013 steps/s  rate_recent=7520.941 steps/s
step 7200000  T=127.960  Ecur=22888952687.000  Ebest=22888952687.000  time=823.512 s  rate=8743.047 steps/s  rate_recent=7876.276 steps/s
step 7600000  T=85.774  Ecur=22373420751.000  Ebest=22373420751.000  time=872.232 s  rate=8713.277 steps/s  rate_recent=8210.088 steps/s
step 8000000  T=57.496  Ecur=21896348787.000  Ebest=21896348787.000  time=919.630 s  rate=8699.152 steps/s  rate_recent=8439.201 steps/s
step 8400000  T=38.541  Ecur=21463484473.000  Ebest=21463484473.000  time=964.759 s  rate=8706.841 steps/s  rate_recent=8863.537 steps/s
step 8800000  T=25.835  Ecur=21063983717.000  Ebest=21063983717.000  time=1008.783 s  rate=8723.386 steps/s  rate_recent=9085.968 steps/s
step 9200000  T=17.317  Ecur=20698031695.000  Ebest=20698031695.000  time=1050.588 s  rate=8757.003 steps/s  rate_recent=9568.189 steps/s
step 9600000  T=11.608  Ecur=20363642323.000  Ebest=20363642323.000  time=1090.815 s  rate=8800.763 steps/s  rate_recent=9943.626 steps/s
step 10000000  T=7.781  Ecur=20053165103.000  Ebest=20053165103.000  time=1130.158 s  rate=8848.320 steps/s  rate_recent=10166.860 steps/s
step 10400000  T=5.216  Ecur=19764424609.000  Ebest=19764424609.000  time=1167.995 s  rate=8904.144 steps/s  rate_recent=10571.550 steps/s
step 10800000  T=3.496  Ecur=19496642135.000  Ebest=19496642135.000  time=1204.328 s  rate=8967.657 steps/s  rate_recent=11009.433 steps/s
step 11200000  T=2.344  Ecur=19250039781.000  Ebest=19250039781.000  time=1239.671 s  rate=9034.655 steps/s  rate_recent=11317.618 steps/s
step 11600000  T=1.571  Ecur=19017892649.000  Ebest=19017892649.000  time=1274.107 s  rate=9104.413 steps/s  rate_recent=11615.616 steps/s
step 12000000  T=1.053  Ecur=18803854831.000  Ebest=18803854831.000  time=1307.565 s  rate=9177.366 steps/s  rate_recent=11955.564 steps/s
step 12400000  T=0.706  Ecur=18601688703.000  Ebest=18601688703.000  time=1339.956 s  rate=9254.037 steps/s  rate_recent=12349.099 steps/s
step 12800000  T=0.473  Ecur=18412778341.000  Ebest=18412778341.000  time=1371.478 s  rate=9332.997 steps/s  rate_recent=12689.441 steps/s
step 13200000  T=0.317  Ecur=18231656121.000  Ebest=18231656121.000  time=1402.643 s  rate=9410.808 steps/s  rate_recent=12835.072 steps/s
step 13600000  T=0.213  Ecur=18060658115.000  Ebest=18060658115.000  time=1433.317 s  rate=9488.480 steps/s  rate_recent=13040.137 steps/s
step 14000000  T=0.143  Ecur=17901245183.000  Ebest=17901245183.000  time=1461.286 s  rate=9580.599 steps/s  rate_recent=14301.354 steps/s
step 14400000  T=0.096  Ecur=17750198225.000  Ebest=17750198225.000  time=1489.160 s  rate=9669.884 steps/s  rate_recent=14350.773 steps/s
step 14800000  T=0.064  Ecur=17608276949.000  Ebest=17608276949.000  time=1516.628 s  rate=9758.489 steps/s  rate_recent=14562.007 steps/s
step 15200000  T=0.043  Ecur=17473700043.000  Ebest=17473700043.000  time=1542.526 s  rate=9853.966 steps/s  rate_recent=15445.283 steps/s
step 15600000  T=0.029  Ecur=17348407589.000  Ebest=17348407589.000  time=1567.339 s  rate=9953.176 steps/s  rate_recent=16120.700 steps/s
step 16000000  T=0.019  Ecur=17228332777.000  Ebest=17228332777.000  time=1590.450 s  rate=10060.046 steps/s  rate_recent=17307.807 steps/s
step 16400000  T=0.013  Ecur=17114104973.000  Ebest=17114104973.000  time=1613.625 s  rate=10163.454 steps/s  rate_recent=17260.194 steps/s
step 16800000  T=0.009  Ecur=17004150665.000  Ebest=17004150665.000  time=1638.496 s  rate=10253.305 steps/s  rate_recent=16082.753 steps/s
step 17200000  T=0.006  Ecur=16901131333.000  Ebest=16901131333.000  time=1663.667 s  rate=10338.605 steps/s  rate_recent=15891.037 steps/s
step 17600000  T=0.004  Ecur=16802083733.000  Ebest=16802083733.000  time=1688.599 s  rate=10422.840 steps/s  rate_recent=16043.788 steps/s
step 18000000  T=0.003  Ecur=16708035151.000  Ebest=16708035151.000  time=1712.591 s  rate=10510.388 steps/s  rate_recent=16672.103 steps/s
step 18400000  T=0.002  Ecur=16617088273.000  Ebest=16617088273.000  time=1736.223 s  rate=10597.714 steps/s  rate_recent=16926.129 steps/s
step 18800000  T=0.001  Ecur=16529594737.000  Ebest=16529594737.000  time=1760.505 s  rate=10678.756 steps/s  rate_recent=16473.694 steps/s
step 19200000  T=0.001  Ecur=16447775643.000  Ebest=16447775643.000  time=1788.849 s  rate=10733.156 steps/s  rate_recent=14111.943 steps/s
step 19600000  T=0.001  Ecur=16368002551.000  Ebest=16368002551.000  time=1823.610 s  rate=10747.910 steps/s  rate_recent=11507.151 steps/s
step 20000000  T=0.000  Ecur=16292146261.000  Ebest=16292146261.000  time=1856.052 s  rate=10775.559 steps/s  rate_recent=12329.761 steps/s
Done.
Final best energy: 16292146261.000
Wrote: out_BA.png
Info in <TCanvas::Print>: png file collageBA.png has been created
Wrote: collageBA.png
Runtime (s): 1857.061
Done: imageB.png -> imageA.png
